2025-05-28 09:22:41,611 [ERROR] ❌ 'All News' 처리 중 오류 발생: 'NoneType' object has no attribute 'worksheet'
2025-05-28 09:22:41,611 [ERROR] ❌ 'Filtered News' 처리 중 오류 발생: 'NoneType' object has no attribute 'worksheet'
2025-05-28 09:23:56,255 [ERROR] ❌ 'All News' 처리 중 오류 발생: 'NoneType' object has no attribute 'worksheet'
2025-05-28 09:23:56,255 [ERROR] ❌ 'Filtered News' 처리 중 오류 발생: 'NoneType' object has no attribute 'worksheet'
2025-05-28 09:24:56,864 [ERROR] ❌ '보' 처리 중 오류 발생: 'NoneType' object has no attribute 'worksheet'
2025-05-28 09:24:56,865 [ERROR] ❌ '도' 처리 중 오류 발생: 'NoneType' object has no attribute 'worksheet'
2025-05-28 09:24:56,865 [ERROR] ❌ '자' 처리 중 오류 발생: 'NoneType' object has no attribute 'worksheet'
2025-05-28 09:24:56,865 [ERROR] ❌ '료' 처리 중 오류 발생: 'NoneType' object has no attribute 'worksheet'
2025-05-28 09:24:56,865 [ERROR] ❌ ' ' 처리 중 오류 발생: 'NoneType' object has no attribute 'worksheet'
2025-05-28 09:24:56,865 [ERROR] ❌ '히' 처리 중 오류 발생: 'NoneType' object has no attribute 'worksheet'
2025-05-28 09:24:56,865 [ERROR] ❌ '스' 처리 중 오류 발생: 'NoneType' object has no attribute 'worksheet'
2025-05-28 09:24:56,865 [ERROR] ❌ '토' 처리 중 오류 발생: 'NoneType' object has no attribute 'worksheet'
2025-05-28 09:24:56,865 [ERROR] ❌ '리' 처리 중 오류 발생: 'NoneType' object has no attribute 'worksheet'
2025-05-28 09:25:28,348 [ERROR] ❌ '보도자료 히스토리' 처리 중 오류 발생: 'NoneType' object has no attribute 'worksheet'
2025-05-28 09:28:50,205 [INFO] ✅ 스프레드시트 열기 성공: pipc News
2025-05-28 09:28:51,267 [INFO] 📁 '보도자료 히스토리' 시트 백업 완료: /Users/luna.dv/new_pipc_news_bot/backups/보도자료_히스토리_05-28.csv
2025-05-28 09:28:52,325 [INFO] 🧹 '보도자료 히스토리' 시트 초기화 완료.
2025-05-28 09:42:55,211 [INFO] ✅ 스프레드시트 열기 성공: pipc News
2025-05-28 09:42:56,174 [WARNING] ⚠️ '보도자료 히스토리' 시트에 백업할 데이터가 없습니다.
2025-05-28 09:42:56,175 [ERROR] ❌ JSON 처리 실패: seen_news_ids_kakao.json — [Errno 2] No such file or directory: 'log/seen_news_ids_kakao.json'
2025-05-28 09:42:56,175 [ERROR] ❌ JSON 처리 실패: sent_articles.json — [Errno 2] No such file or directory: 'log/sent_articles.json'
2025-05-28 09:42:56,176 [INFO] 📄 PDF 백업 완료: (별첨2)_개인정보_정책포럼_발표자료(개인정보_유출사고_현황_및_대응방향).pdf
2025-05-28 09:42:56,176 [INFO] 📄 PDF 백업 완료: (별첨3)_개인정보_정책포럼_발표자료(개인정보_안전관리_체계_강화_방안).pdf
2025-05-28 09:42:56,177 [INFO] 📄 PDF 백업 완료: 250509_(석간)_개인정보위__중소기업·의료기관_대상_의료·통신_분야_마이데이터_서비스_발굴(범정부마이데이터추진단_서비스혁신팀).pdf
2025-05-28 09:42:56,177 [INFO] 📄 PDF 백업 완료: 250527_(석간)_투명한_인공지능(AI),_안전한_개인정보를_위한_국내_최대규모_논의의_장_열린다(자율보호정책과).pdf
2025-05-28 09:42:56,178 [INFO] 📄 PDF 백업 완료: (별첨4)_개인정보_정책포럼_발표자료(개인정보_처리방침_평가제도).pdf
2025-05-28 09:42:56,178 [INFO] 📄 PDF 백업 완료: 250508_(보도참고)_“개인정보_유출_신속·개별_통지”_의결(5.2.)_후속_관련(조사2과).pdf
2025-05-28 09:42:56,178 [INFO] 📄 PDF 백업 완료: 250520_(조간)_“의료분야_무분별한_개인정보_자동화수집_안돼요”(범정부마이데이터추진단_전략기획팀).pdf
2025-05-28 09:42:56,179 [INFO] 📄 PDF 백업 완료: 250515_(석간)_개인정보위,_AI_디지털교과서_사전_실태점검_결과_발표(조사3팀).pdf
2025-05-28 09:42:56,179 [INFO] 📄 PDF 백업 완료: 250515_(석간)_개인정보위,_개인정보_보호법_위반_3개_처리자_처분(조사총괄과).pdf
2025-05-28 09:42:56,180 [INFO] 📄 PDF 백업 완료: 250515_(석간)_국외이전_규정_등_개인정보_보호법_위반한_테무에_13억_6,900만_원_과징금_부과(조사1과).pdf
2025-05-28 09:42:56,180 [INFO] 📄 PDF 백업 완료: 250509_(보도참고)_개인정보위-한국CPO협의회,“개인정보_안전관리체계_강화_방안”_논의(신기술개인정보과,_자율보호정책과,_조사총괄과).pdf
2025-05-28 09:42:56,180 [INFO] 📄 PDF 백업 완료: 250527_(조간)_개인정보위,_개인정보_자율규제_강화한다(자율보호정책과).pdf
2025-05-28 09:42:56,181 [INFO] 📄 PDF 백업 완료: 250526_(조간)_인공지능(AI)_시대_데이터_혁신의_미래를_찾기_위한_‘가명정보_활용_경진대회’_응모작_공모(데이터안전정책과).pdf
2025-05-28 09:42:56,181 [INFO] 📄 PDF 백업 완료: 250521_(조간)_“내_데이터를_내가_원하는_곳에서_활용”_개인정보위__마이데이터_선도서비스_시연회_개최(범정부마이데이터추진단_서비스혁신팀).pdf
2025-05-28 09:42:56,182 [INFO] 📄 PDF 백업 완료: 250508_(보도참고)_개인정보위,_‘법인보험대리점(GA)’_영업지원시스템_개인정보_유출조사_착수(조사3팀).pdf
2025-05-28 09:42:56,182 [INFO] 📄 PDF 백업 완료: 250528_(조간)_개인정보위,_제3회_개인정보_보호_모의재판_경연대회_참가자_사전모집(자율보호정책과).pdf
2025-05-28 09:42:56,183 [INFO] 📄 PDF 백업 완료: 250527_(보도참고)개인정보분쟁조정위는_SKT_개인정보_유출_관련_집단분쟁조정에_대해_최대한_신속·공정하게_대응해_나갈_계획입니다(분쟁조정과).pdf
2025-05-28 09:42:56,183 [INFO] 📄 PDF 백업 완료: 250519_(보도참고)_개인정보위,_SKT의_개인정보_유출에_대해_개인정보_보호법에_따라_엄정_조사중(조사2과).pdf
2025-05-28 09:42:56,183 [INFO] 📄 PDF 백업 완료: 250514_(보도참고)_“안전한_개인정보_관리를_위한_지혜_모은다”_개인정보보호책임자(CPO)들_모여_개인정보_안전관리_체계_강화_논의(자율보호정책과).pdf
2025-05-28 09:42:56,184 [INFO] 📄 PDF 백업 완료: 250522_(조간)_개인정보위,_민간과_함께_개인정보_안전관리체계_강화_방안_모색한다(자율보호정책과).pdf
2025-05-28 09:42:56,184 [INFO] 📄 PDF 백업 완료: 250513_(조간)_개인정보위,_에너지_분야_마이데이터_중계_실증_지원사업_첫발을_떼다(범정부마이데이터추진단_인프라표준화팀).pdf
2025-05-28 09:42:56,185 [INFO] 📝 요약 백업 완료: (별첨3)_개인정보_정책포럼_발표자료(개인정보_안전관리_체계_강화_방안)_summary.txt
2025-05-28 09:42:56,185 [INFO] 📝 요약 백업 완료: 250508_(보도참고)_“개인정보_유출_신속·개별_통지”_의결(5.2.)_후속_관련(조사2과)_summary.txt
2025-05-28 09:42:56,185 [INFO] 📝 요약 백업 완료: 250514_(보도참고)_“안전한_개인정보_관리를_위한_지혜_모은다”_개인정보보호책임자(CPO)들_모여_개인정보_안전관리_체계_강화_논의(자율보호정책과)_summary.txt
2025-05-28 09:42:56,186 [INFO] 📝 요약 백업 완료: 250526_(조간)_인공지능(AI)_시대_데이터_혁신의_미래를_찾기_위한_‘가명정보_활용_경진대회’_응모작_공모(데이터안전정책과)_summary.txt
2025-05-28 09:42:56,186 [INFO] 📝 요약 백업 완료: 250521_(조간)_“내_데이터를_내가_원하는_곳에서_활용”_개인정보위__마이데이터_선도서비스_시연회_개최(범정부마이데이터추진단_서비스혁신팀)_summary.txt
2025-05-28 09:42:56,186 [INFO] 📝 요약 백업 완료: 250509_(석간)_개인정보위__중소기업·의료기관_대상_의료·통신_분야_마이데이터_서비스_발굴(범정부마이데이터추진단_서비스혁신팀)_summary.txt
2025-05-28 09:42:56,187 [INFO] 📝 요약 백업 완료: (별첨4)_개인정보_정책포럼_발표자료(개인정보_처리방침_평가제도)_summary.txt
2025-05-28 09:42:56,187 [INFO] 📝 요약 백업 완료: 250527_(석간)_투명한_인공지능(AI),_안전한_개인정보를_위한_국내_최대규모_논의의_장_열린다(자율보호정책과)_summary.txt
2025-05-28 09:42:56,188 [INFO] 📝 요약 백업 완료: 250515_(석간)_개인정보위,_개인정보_보호법_위반_3개_처리자_처분(조사총괄과)_summary.txt
2025-05-28 09:42:56,188 [INFO] 📝 요약 백업 완료: 250519_(보도참고)_개인정보위,_SKT의_개인정보_유출에_대해_개인정보_보호법에_따라_엄정_조사중(조사2과)_summary.txt
2025-05-28 09:42:56,188 [INFO] 📝 요약 백업 완료: 250522_(조간)_개인정보위,_민간과_함께_개인정보_안전관리체계_강화_방안_모색한다(자율보호정책과)_summary.txt
2025-05-28 09:42:56,189 [INFO] 📝 요약 백업 완료: 250515_(석간)_국외이전_규정_등_개인정보_보호법_위반한_테무에_13억_6,900만_원_과징금_부과(조사1과)_summary.txt
2025-05-28 09:42:56,189 [INFO] 📝 요약 백업 완료: 250528_(조간)_개인정보위,_제3회_개인정보_보호_모의재판_경연대회_참가자_사전모집(자율보호정책과)_summary.txt
2025-05-28 09:42:56,189 [INFO] 📝 요약 백업 완료: 250509_(보도참고)_개인정보위-한국CPO협의회,“개인정보_안전관리체계_강화_방안”_논의(신기술개인정보과,_자율보호정책과,_조사총괄과)_summary.txt
2025-05-28 09:42:56,190 [INFO] 📝 요약 백업 완료: 250520_(조간)_“의료분야_무분별한_개인정보_자동화수집_안돼요”(범정부마이데이터추진단_전략기획팀)_summary.txt
2025-05-28 09:42:56,190 [INFO] 📝 요약 백업 완료: (별첨2)_개인정보_정책포럼_발표자료(개인정보_유출사고_현황_및_대응방향)_summary.txt
2025-05-28 09:42:56,191 [INFO] 📝 요약 백업 완료: 250515_(석간)_개인정보위,_AI_디지털교과서_사전_실태점검_결과_발표(조사3팀)_summary.txt
2025-05-28 09:42:56,191 [INFO] 📝 요약 백업 완료: 250513_(조간)_개인정보위,_에너지_분야_마이데이터_중계_실증_지원사업_첫발을_떼다(범정부마이데이터추진단_인프라표준화팀)_summary.txt
2025-05-28 09:42:56,192 [INFO] 📝 요약 백업 완료: 250527_(보도참고)개인정보분쟁조정위는_SKT_개인정보_유출_관련_집단분쟁조정에_대해_최대한_신속·공정하게_대응해_나갈_계획입니다(분쟁조정과)_summary.txt
2025-05-28 09:42:56,193 [INFO] 📝 요약 백업 완료: 250508_(보도참고)_개인정보위,_‘법인보험대리점(GA)’_영업지원시스템_개인정보_유출조사_착수(조사3팀)_summary.txt
2025-05-28 09:47:13,048 [INFO] ✅ 스프레드시트 열기 성공: pipc News
2025-05-28 09:47:14,052 [INFO] 📁 '보도자료 히스토리' 시트 백업 완료: /Users/luna.dv/new_pipc_news_bot/backups/2025-05-28/보도자료_히스토리_2025-05-28.csv
2025-05-28 09:47:14,685 [INFO] 🧹 '보도자료 히스토리' 시트 초기화 완료.
2025-05-28 09:47:14,686 [WARNING] ⚠️ JSON 원본 없음: /Users/luna.dv/new_pipc_news_bot/log/seen_news_ids.json
2025-05-28 09:47:14,686 [ERROR] ❌ JSON 처리 실패 (seen_news_ids.json): [Errno 2] No such file or directory: '/Users/luna.dv/new_pipc_news_bot/log/seen_news_ids.json'
2025-05-28 09:47:14,686 [WARNING] ⚠️ JSON 원본 없음: /Users/luna.dv/new_pipc_news_bot/log/sent_articles.json
2025-05-28 09:47:14,686 [ERROR] ❌ JSON 처리 실패 (sent_articles.json): [Errno 2] No such file or directory: '/Users/luna.dv/new_pipc_news_bot/log/sent_articles.json'
2025-05-28 09:47:14,686 [WARNING] ⚠️ JSON 원본 없음: /Users/luna.dv/new_pipc_news_bot/log/new_articles.json
2025-05-28 09:47:14,686 [ERROR] ❌ JSON 처리 실패 (new_articles.json): [Errno 2] No such file or directory: '/Users/luna.dv/new_pipc_news_bot/log/new_articles.json'
2025-05-28 09:47:14,686 [WARNING] ⚠️ JSON 원본 없음: /Users/luna.dv/new_pipc_news_bot/log/sent_summaries.json
2025-05-28 09:47:14,687 [ERROR] ❌ JSON 처리 실패 (sent_summaries.json): [Errno 2] No such file or directory: '/Users/luna.dv/new_pipc_news_bot/log/sent_summaries.json'
2025-05-28 09:47:14,687 [INFO] 📄 PDF 백업 완료: (별첨2)_개인정보_정책포럼_발표자료(개인정보_유출사고_현황_및_대응방향).pdf
2025-05-28 09:47:14,688 [INFO] 📄 PDF 백업 완료: (별첨3)_개인정보_정책포럼_발표자료(개인정보_안전관리_체계_강화_방안).pdf
2025-05-28 09:47:14,688 [INFO] 📄 PDF 백업 완료: 250509_(석간)_개인정보위__중소기업·의료기관_대상_의료·통신_분야_마이데이터_서비스_발굴(범정부마이데이터추진단_서비스혁신팀).pdf
2025-05-28 09:47:14,688 [INFO] 📄 PDF 백업 완료: 250527_(석간)_투명한_인공지능(AI),_안전한_개인정보를_위한_국내_최대규모_논의의_장_열린다(자율보호정책과).pdf
2025-05-28 09:47:14,689 [INFO] 📄 PDF 백업 완료: (별첨4)_개인정보_정책포럼_발표자료(개인정보_처리방침_평가제도).pdf
2025-05-28 09:47:14,689 [INFO] 📄 PDF 백업 완료: 250508_(보도참고)_“개인정보_유출_신속·개별_통지”_의결(5.2.)_후속_관련(조사2과).pdf
2025-05-28 09:47:14,689 [INFO] 📄 PDF 백업 완료: 250520_(조간)_“의료분야_무분별한_개인정보_자동화수집_안돼요”(범정부마이데이터추진단_전략기획팀).pdf
2025-05-28 09:47:14,690 [INFO] 📄 PDF 백업 완료: 250515_(석간)_개인정보위,_AI_디지털교과서_사전_실태점검_결과_발표(조사3팀).pdf
2025-05-28 09:47:14,690 [INFO] 📄 PDF 백업 완료: 250515_(석간)_개인정보위,_개인정보_보호법_위반_3개_처리자_처분(조사총괄과).pdf
2025-05-28 09:47:14,690 [INFO] 📄 PDF 백업 완료: 250515_(석간)_국외이전_규정_등_개인정보_보호법_위반한_테무에_13억_6,900만_원_과징금_부과(조사1과).pdf
2025-05-28 09:47:14,691 [INFO] 📄 PDF 백업 완료: 250509_(보도참고)_개인정보위-한국CPO협의회,“개인정보_안전관리체계_강화_방안”_논의(신기술개인정보과,_자율보호정책과,_조사총괄과).pdf
2025-05-28 09:47:14,691 [INFO] 📄 PDF 백업 완료: 250527_(조간)_개인정보위,_개인정보_자율규제_강화한다(자율보호정책과).pdf
2025-05-28 09:47:14,691 [INFO] 📄 PDF 백업 완료: 250526_(조간)_인공지능(AI)_시대_데이터_혁신의_미래를_찾기_위한_‘가명정보_활용_경진대회’_응모작_공모(데이터안전정책과).pdf
2025-05-28 09:47:14,692 [INFO] 📄 PDF 백업 완료: 250521_(조간)_“내_데이터를_내가_원하는_곳에서_활용”_개인정보위__마이데이터_선도서비스_시연회_개최(범정부마이데이터추진단_서비스혁신팀).pdf
2025-05-28 09:47:14,692 [INFO] 📄 PDF 백업 완료: 250508_(보도참고)_개인정보위,_‘법인보험대리점(GA)’_영업지원시스템_개인정보_유출조사_착수(조사3팀).pdf
2025-05-28 09:47:14,693 [INFO] 📄 PDF 백업 완료: 250528_(조간)_개인정보위,_제3회_개인정보_보호_모의재판_경연대회_참가자_사전모집(자율보호정책과).pdf
2025-05-28 09:47:14,693 [INFO] 📄 PDF 백업 완료: 250527_(보도참고)개인정보분쟁조정위는_SKT_개인정보_유출_관련_집단분쟁조정에_대해_최대한_신속·공정하게_대응해_나갈_계획입니다(분쟁조정과).pdf
2025-05-28 09:47:14,693 [INFO] 📄 PDF 백업 완료: 250519_(보도참고)_개인정보위,_SKT의_개인정보_유출에_대해_개인정보_보호법에_따라_엄정_조사중(조사2과).pdf
2025-05-28 09:47:14,694 [INFO] 📄 PDF 백업 완료: 250514_(보도참고)_“안전한_개인정보_관리를_위한_지혜_모은다”_개인정보보호책임자(CPO)들_모여_개인정보_안전관리_체계_강화_논의(자율보호정책과).pdf
2025-05-28 09:47:14,694 [INFO] 📄 PDF 백업 완료: 250522_(조간)_개인정보위,_민간과_함께_개인정보_안전관리체계_강화_방안_모색한다(자율보호정책과).pdf
2025-05-28 09:47:14,694 [INFO] 📄 PDF 백업 완료: 250513_(조간)_개인정보위,_에너지_분야_마이데이터_중계_실증_지원사업_첫발을_떼다(범정부마이데이터추진단_인프라표준화팀).pdf
2025-05-28 09:47:14,695 [INFO] 📝 요약 백업 완료: (별첨3)_개인정보_정책포럼_발표자료(개인정보_안전관리_체계_강화_방안)_summary.txt
2025-05-28 09:47:14,695 [INFO] 📝 요약 백업 완료: 250508_(보도참고)_“개인정보_유출_신속·개별_통지”_의결(5.2.)_후속_관련(조사2과)_summary.txt
2025-05-28 09:47:14,696 [INFO] 📝 요약 백업 완료: 250514_(보도참고)_“안전한_개인정보_관리를_위한_지혜_모은다”_개인정보보호책임자(CPO)들_모여_개인정보_안전관리_체계_강화_논의(자율보호정책과)_summary.txt
2025-05-28 09:47:14,696 [INFO] 📝 요약 백업 완료: 250526_(조간)_인공지능(AI)_시대_데이터_혁신의_미래를_찾기_위한_‘가명정보_활용_경진대회’_응모작_공모(데이터안전정책과)_summary.txt
2025-05-28 09:47:14,697 [INFO] 📝 요약 백업 완료: 250521_(조간)_“내_데이터를_내가_원하는_곳에서_활용”_개인정보위__마이데이터_선도서비스_시연회_개최(범정부마이데이터추진단_서비스혁신팀)_summary.txt
2025-05-28 09:47:14,698 [INFO] 📝 요약 백업 완료: 250509_(석간)_개인정보위__중소기업·의료기관_대상_의료·통신_분야_마이데이터_서비스_발굴(범정부마이데이터추진단_서비스혁신팀)_summary.txt
2025-05-28 09:47:14,698 [INFO] 📝 요약 백업 완료: (별첨4)_개인정보_정책포럼_발표자료(개인정보_처리방침_평가제도)_summary.txt
2025-05-28 09:47:14,699 [INFO] 📝 요약 백업 완료: 250527_(석간)_투명한_인공지능(AI),_안전한_개인정보를_위한_국내_최대규모_논의의_장_열린다(자율보호정책과)_summary.txt
2025-05-28 09:47:14,699 [INFO] 📝 요약 백업 완료: 250515_(석간)_개인정보위,_개인정보_보호법_위반_3개_처리자_처분(조사총괄과)_summary.txt
2025-05-28 09:47:14,700 [INFO] 📝 요약 백업 완료: 250519_(보도참고)_개인정보위,_SKT의_개인정보_유출에_대해_개인정보_보호법에_따라_엄정_조사중(조사2과)_summary.txt
2025-05-28 09:47:14,700 [INFO] 📝 요약 백업 완료: 250522_(조간)_개인정보위,_민간과_함께_개인정보_안전관리체계_강화_방안_모색한다(자율보호정책과)_summary.txt
2025-05-28 09:47:14,701 [INFO] 📝 요약 백업 완료: 250515_(석간)_국외이전_규정_등_개인정보_보호법_위반한_테무에_13억_6,900만_원_과징금_부과(조사1과)_summary.txt
2025-05-28 09:47:14,701 [INFO] 📝 요약 백업 완료: 250528_(조간)_개인정보위,_제3회_개인정보_보호_모의재판_경연대회_참가자_사전모집(자율보호정책과)_summary.txt
2025-05-28 09:47:14,702 [INFO] 📝 요약 백업 완료: 250509_(보도참고)_개인정보위-한국CPO협의회,“개인정보_안전관리체계_강화_방안”_논의(신기술개인정보과,_자율보호정책과,_조사총괄과)_summary.txt
2025-05-28 09:47:14,703 [INFO] 📝 요약 백업 완료: 250520_(조간)_“의료분야_무분별한_개인정보_자동화수집_안돼요”(범정부마이데이터추진단_전략기획팀)_summary.txt
2025-05-28 09:47:14,703 [INFO] 📝 요약 백업 완료: (별첨2)_개인정보_정책포럼_발표자료(개인정보_유출사고_현황_및_대응방향)_summary.txt
2025-05-28 09:47:14,704 [INFO] 📝 요약 백업 완료: 250515_(석간)_개인정보위,_AI_디지털교과서_사전_실태점검_결과_발표(조사3팀)_summary.txt
2025-05-28 09:47:14,705 [INFO] 📝 요약 백업 완료: 250513_(조간)_개인정보위,_에너지_분야_마이데이터_중계_실증_지원사업_첫발을_떼다(범정부마이데이터추진단_인프라표준화팀)_summary.txt
2025-05-28 09:47:14,705 [INFO] 📝 요약 백업 완료: 250527_(보도참고)개인정보분쟁조정위는_SKT_개인정보_유출_관련_집단분쟁조정에_대해_최대한_신속·공정하게_대응해_나갈_계획입니다(분쟁조정과)_summary.txt
2025-05-28 09:47:14,706 [INFO] 📝 요약 백업 완료: 250508_(보도참고)_개인정보위,_‘법인보험대리점(GA)’_영업지원시스템_개인정보_유출조사_착수(조사3팀)_summary.txt
2025-05-28 09:48:24,668 [INFO] ✅ 스프레드시트 열기 성공: pipc News
2025-05-28 09:48:25,546 [WARNING] ⚠️ '보도자료 히스토리' 시트에 백업할 데이터가 없습니다.
2025-05-28 09:48:25,546 [WARNING] ⚠️ JSON 원본 없음: /Users/luna.dv/new_pipc_news_bot/logs/seen_news_ids.json
2025-05-28 09:48:25,546 [ERROR] ❌ JSON 처리 실패 (seen_news_ids.json): [Errno 2] No such file or directory: '/Users/luna.dv/new_pipc_news_bot/logs/seen_news_ids.json'
2025-05-28 09:48:25,546 [WARNING] ⚠️ JSON 원본 없음: /Users/luna.dv/new_pipc_news_bot/logs/sent_articles.json
2025-05-28 09:48:25,547 [ERROR] ❌ JSON 처리 실패 (sent_articles.json): [Errno 2] No such file or directory: '/Users/luna.dv/new_pipc_news_bot/logs/sent_articles.json'
2025-05-28 09:48:25,547 [WARNING] ⚠️ JSON 원본 없음: /Users/luna.dv/new_pipc_news_bot/logs/new_articles.json
2025-05-28 09:48:25,547 [ERROR] ❌ JSON 처리 실패 (new_articles.json): [Errno 2] No such file or directory: '/Users/luna.dv/new_pipc_news_bot/logs/new_articles.json'
2025-05-28 09:48:25,547 [WARNING] ⚠️ JSON 원본 없음: /Users/luna.dv/new_pipc_news_bot/logs/sent_summaries.json
2025-05-28 09:48:25,547 [ERROR] ❌ JSON 처리 실패 (sent_summaries.json): [Errno 2] No such file or directory: '/Users/luna.dv/new_pipc_news_bot/logs/sent_summaries.json'
2025-05-28 09:49:13,678 [INFO] ✅ 스프레드시트 열기 성공: pipc News
2025-05-28 09:49:14,680 [WARNING] ⚠️ '보도자료 히스토리' 시트에 백업할 데이터가 없습니다.
2025-05-28 09:49:14,681 [INFO] 💾 JSON 백업 완료: seen_news_ids.json
2025-05-28 09:49:14,682 [INFO] 🗑️ JSON 초기화 완료: /Users/luna.dv/new_pipc_news_bot/data/logs/seen_news_ids.json
2025-05-28 09:49:14,683 [INFO] 💾 JSON 백업 완료: sent_articles.json
2025-05-28 09:49:14,683 [INFO] 🗑️ JSON 초기화 완료: /Users/luna.dv/new_pipc_news_bot/data/logs/sent_articles.json
2025-05-28 09:49:14,683 [WARNING] ⚠️ JSON 원본 없음: /Users/luna.dv/new_pipc_news_bot/data/logs/new_articles.json
2025-05-28 09:49:14,684 [INFO] 🗑️ JSON 초기화 완료: /Users/luna.dv/new_pipc_news_bot/data/logs/new_articles.json
2025-05-28 09:49:14,684 [WARNING] ⚠️ JSON 원본 없음: /Users/luna.dv/new_pipc_news_bot/data/logs/sent_summaries.json
2025-05-28 09:49:14,684 [INFO] 🗑️ JSON 초기화 완료: /Users/luna.dv/new_pipc_news_bot/data/logs/sent_summaries.json
2025-05-28 15:21:39,022 [INFO] ✅ 스프레드시트 열기 성공: pipc News
2025-05-28 15:21:39,955 [WARNING] ⚠️ '보도자료 히스토리' 시트에 백업할 데이터가 없습니다.
2025-05-28 15:21:39,956 [INFO] 💾 JSON 백업 완료: seen_news_ids.json
2025-05-28 15:21:39,957 [INFO] 🗑️ JSON 초기화 완료: /Users/luna.dv/new_pipc_news_bot/data/logs/seen_news_ids.json
2025-05-28 15:21:39,958 [INFO] 💾 JSON 백업 완료: sent_articles.json
2025-05-28 15:21:39,958 [INFO] 🗑️ JSON 초기화 완료: /Users/luna.dv/new_pipc_news_bot/data/logs/sent_articles.json
2025-05-28 15:21:39,960 [INFO] 💾 JSON 백업 완료: new_articles.json
2025-05-28 15:21:39,961 [INFO] 🗑️ JSON 초기화 완료: /Users/luna.dv/new_pipc_news_bot/data/logs/new_articles.json
2025-05-28 15:21:39,962 [INFO] 💾 JSON 백업 완료: sent_summaries.json
2025-05-28 15:21:39,962 [INFO] 🗑️ JSON 초기화 완료: /Users/luna.dv/new_pipc_news_bot/data/logs/sent_summaries.json
2025-05-28 15:31:08,328 [INFO] ✅ 스프레드시트 열기 성공: pipc News
2025-05-28 15:31:09,316 [INFO] 📁 '보도자료 히스토리' 시트 백업 완료: /Users/luna.dv/new_pipc_news_bot/backups/2025-05-28/보도자료_히스토리_2025-05-28.csv
2025-05-28 15:31:10,215 [INFO] 🧹 '보도자료 히스토리' 시트 초기화 완료.
2025-05-28 15:31:10,216 [INFO] 💾 JSON 백업 완료: seen_news_ids.json
2025-05-28 15:31:10,217 [INFO] 🗑️ JSON 초기화 완료: /Users/luna.dv/new_pipc_news_bot/data/logs/seen_news_ids.json
2025-05-28 15:31:10,218 [INFO] 💾 JSON 백업 완료: sent_articles.json
2025-05-28 15:31:10,218 [INFO] 🗑️ JSON 초기화 완료: /Users/luna.dv/new_pipc_news_bot/data/logs/sent_articles.json
2025-05-28 15:31:30,265 [INFO] ✅ 스프레드시트 열기 성공: pipc News
2025-05-28 15:31:31,040 [WARNING] ⚠️ '보도자료 히스토리' 시트에 백업할 데이터가 없습니다.
2025-05-28 15:31:31,041 [INFO] 💾 JSON 백업 완료: seen_news_ids.json
2025-05-28 15:31:31,042 [INFO] 🗑️ JSON 초기화 완료: /Users/luna.dv/new_pipc_news_bot/data/logs/seen_news_ids.json
2025-05-28 15:31:31,042 [INFO] 💾 JSON 백업 완료: sent_articles.json
2025-05-28 15:31:31,043 [INFO] 🗑️ JSON 초기화 완료: /Users/luna.dv/new_pipc_news_bot/data/logs/sent_articles.json
2025-05-28 15:31:31,043 [INFO] 📄 PDF 백업 완료: (별첨2)_개인정보_정책포럼_발표자료(개인정보_유출사고_현황_및_대응방향).pdf
2025-05-28 15:31:31,044 [INFO] 📄 PDF 백업 완료: (별첨3)_개인정보_정책포럼_발표자료(개인정보_안전관리_체계_강화_방안).pdf
2025-05-28 15:31:31,044 [INFO] 📄 PDF 백업 완료: 250527_(석간)_투명한_인공지능(AI),_안전한_개인정보를_위한_국내_최대규모_논의의_장_열린다(자율보호정책과).pdf
2025-05-28 15:31:31,045 [INFO] 📄 PDF 백업 완료: (별첨4)_개인정보_정책포럼_발표자료(개인정보_처리방침_평가제도).pdf
2025-05-28 15:31:31,045 [INFO] 📄 PDF 백업 완료: 250520_(조간)_“의료분야_무분별한_개인정보_자동화수집_안돼요”(범정부마이데이터추진단_전략기획팀).pdf
2025-05-28 15:31:31,045 [INFO] 📄 PDF 백업 완료: 250527_(조간)_개인정보위,_개인정보_자율규제_강화한다(자율보호정책과).pdf
2025-05-28 15:31:31,046 [INFO] 📄 PDF 백업 완료: 250526_(조간)_인공지능(AI)_시대_데이터_혁신의_미래를_찾기_위한_‘가명정보_활용_경진대회’_응모작_공모(데이터안전정책과).pdf
2025-05-28 15:31:31,046 [INFO] 📄 PDF 백업 완료: 250521_(조간)_“내_데이터를_내가_원하는_곳에서_활용”_개인정보위__마이데이터_선도서비스_시연회_개최(범정부마이데이터추진단_서비스혁신팀).pdf
2025-05-28 15:31:31,047 [INFO] 📄 PDF 백업 완료: 250529_(조간)_공공기관은_가명정보_공부중...개인정보위_지원_강화(데이터안전정책과).pdf
2025-05-28 15:31:31,047 [INFO] 📄 PDF 백업 완료: 250528_(조간)_개인정보위,_제3회_개인정보_보호_모의재판_경연대회_참가자_사전모집(자율보호정책과).pdf
2025-05-28 15:31:31,048 [INFO] 📄 PDF 백업 완료: 250527_(보도참고)개인정보분쟁조정위는_SKT_개인정보_유출_관련_집단분쟁조정에_대해_최대한_신속·공정하게_대응해_나갈_계획입니다(분쟁조정과).pdf
2025-05-28 15:31:31,048 [INFO] 📄 PDF 백업 완료: 250519_(보도참고)_개인정보위,_SKT의_개인정보_유출에_대해_개인정보_보호법에_따라_엄정_조사중(조사2과).pdf
2025-05-28 15:31:31,048 [INFO] 📄 PDF 백업 완료: 250522_(조간)_개인정보위,_민간과_함께_개인정보_안전관리체계_강화_방안_모색한다(자율보호정책과).pdf
2025-05-28 15:31:31,049 [INFO] 📝 요약 백업 완료: (별첨3)_개인정보_정책포럼_발표자료(개인정보_안전관리_체계_강화_방안)_summary.txt
2025-05-28 15:31:31,049 [INFO] 📝 요약 백업 완료: 250526_(조간)_인공지능(AI)_시대_데이터_혁신의_미래를_찾기_위한_‘가명정보_활용_경진대회’_응모작_공모(데이터안전정책과)_summary.txt
2025-05-28 15:31:31,050 [INFO] 📝 요약 백업 완료: 250521_(조간)_“내_데이터를_내가_원하는_곳에서_활용”_개인정보위__마이데이터_선도서비스_시연회_개최(범정부마이데이터추진단_서비스혁신팀)_summary.txt
2025-05-28 15:31:31,050 [INFO] 📝 요약 백업 완료: (별첨4)_개인정보_정책포럼_발표자료(개인정보_처리방침_평가제도)_summary.txt
2025-05-28 15:31:31,050 [INFO] 📝 요약 백업 완료: 250527_(석간)_투명한_인공지능(AI),_안전한_개인정보를_위한_국내_최대규모_논의의_장_열린다(자율보호정책과)_summary.txt
2025-05-28 15:31:31,051 [INFO] 📝 요약 백업 완료: 250519_(보도참고)_개인정보위,_SKT의_개인정보_유출에_대해_개인정보_보호법에_따라_엄정_조사중(조사2과)_summary.txt
2025-05-28 15:31:31,051 [INFO] 📝 요약 백업 완료: 250522_(조간)_개인정보위,_민간과_함께_개인정보_안전관리체계_강화_방안_모색한다(자율보호정책과)_summary.txt
2025-05-28 15:31:31,051 [INFO] 📝 요약 백업 완료: 250528_(조간)_개인정보위,_제3회_개인정보_보호_모의재판_경연대회_참가자_사전모집(자율보호정책과)_summary.txt
2025-05-28 15:31:31,052 [INFO] 📝 요약 백업 완료: 250520_(조간)_“의료분야_무분별한_개인정보_자동화수집_안돼요”(범정부마이데이터추진단_전략기획팀)_summary.txt
2025-05-28 15:31:31,052 [INFO] 📝 요약 백업 완료: (별첨2)_개인정보_정책포럼_발표자료(개인정보_유출사고_현황_및_대응방향)_summary.txt
2025-05-28 15:31:31,053 [INFO] 📝 요약 백업 완료: 250529_(조간)_공공기관은_가명정보_공부중...개인정보위_지원_강화(데이터안전정책과)_summary.txt
2025-05-28 15:31:31,053 [INFO] 📝 요약 백업 완료: 250527_(조간)_개인정보위,_개인정보_자율규제_강화한다(자율보호정책과)_summary.txt
2025-05-28 15:31:31,053 [INFO] 📝 요약 백업 완료: 250527_(보도참고)개인정보분쟁조정위는_SKT_개인정보_유출_관련_집단분쟁조정에_대해_최대한_신속·공정하게_대응해_나갈_계획입니다(분쟁조정과)_summary.txt
